Information: Updating design information... (UID-85)
 
****************************************
Report : timing
        -path full
        -delay max
        -max_paths 1
Design : TRAFFIC_lights
Version: H-2013.03-SP5-2
Date   : Wed Feb  3 16:42:28 2016
****************************************

Operating Conditions: ff0p85v25c   Library: saed32rvt_ff0p85v25c
Wire Load Model Mode: enclosed

  Startpoint: state_reg[1]
              (rising edge-triggered flip-flop clocked by clk)
  Endpoint: cnt_reg[0] (rising edge-triggered flip-flop clocked by clk)
  Path Group: clk
  Path Type: max

  Des/Clust/Port     Wire Load Model       Library
  ------------------------------------------------
  TRAFFIC_lights     8000                  saed32rvt_ff0p85v25c

  Point                                    Incr       Path
  -----------------------------------------------------------
  clock clk (rise edge)                    0.00       0.00
  clock network delay (ideal)              0.00       0.00
  state_reg[1]/CLK (DFFX1_RVT)             0.00       0.00 r
  state_reg[1]/Q (DFFX1_RVT)               0.09       0.09 f
  U167/Y (AO21X1_RVT)                      0.05       0.14 f
  U146/Y (INVX1_RVT)                       0.02       0.16 r
  U176/Y (NAND2X0_RVT)                     0.02       0.18 f
  U156/Y (INVX1_RVT)                       0.02       0.20 r
  U179/Y (AO222X1_RVT)                     0.07       0.27 r
  U181/Y (AO22X1_RVT)                      0.04       0.31 r
  cnt_reg[0]/D (DFFX1_RVT)                 0.00       0.31 r
  data arrival time                                   0.31

  clock clk (rise edge)                    0.50       0.50
  clock network delay (ideal)              0.00       0.50
  cnt_reg[0]/CLK (DFFX1_RVT)               0.00       0.50 r
  library setup time                      -0.02       0.48
  data required time                                  0.48
  -----------------------------------------------------------
  data required time                                  0.48
  data arrival time                                  -0.31
  -----------------------------------------------------------
  slack (MET)                                         0.17


1
