Information: Propagating switching activity (low effort zero delay simulation). (PWR-6)
Warning: Design has unannotated primary inputs. (PWR-414)
Warning: Design has unannotated sequential cell outputs. (PWR-415)
 
****************************************
Report : power
        -analysis_effort low
Design : TRAFFIC_lights
Version: H-2013.03-ICC-SP2
Date   : Sat Mar 12 12:19:26 2016
****************************************


Library(s) Used:

    saed32rvt_ff0p85v25c (File: /home/software/synopsys-2013/SAED32_EDK/lib/stdcell_rvt/db_ccs/saed32rvt_ff0p85v25c.db)

Information: The cells in your design are not characterized for internal power. (PWR-229)

Operating Conditions: ff0p85v25c   Library: saed32rvt_ff0p85v25c
Wire Load Model Mode: enclosed

Design        Wire Load Model            Library
------------------------------------------------
TRAFFIC_lights         ForQA             saed32rvt_ff0p85v25c


Global Operating Voltage = 0.85 
Power-specific unit information :
    Voltage Units = 1V
    Capacitance Units = 1.000000ff
    Time Units = 1ns
    Dynamic Power Units = 1uW    (derived from V,C,T units)
    Leakage Power Units = 1pW


  Cell Internal Power  =   0.0000 uW    (0%)
  Net Switching Power  =   2.4489 uW  (100%)
                         ---------
Total Dynamic Power    =   2.4489 uW  (100%)

Cell Leakage Power     =   7.1563 uW


                 Internal         Switching           Leakage            Total
Power Group      Power            Power               Power              Power   (   %    )  Attrs
--------------------------------------------------------------------------------------------------
io_pad             0.0000            0.0000            0.0000            0.0000  (   0.00%)
memory             0.0000            0.0000            0.0000            0.0000  (   0.00%)
black_box          0.0000            0.0000            0.0000            0.0000  (   0.00%)
clock_network      0.0000            0.0000            0.0000            0.0000  (   0.00%)
register           0.0000            0.6971        1.5847e+06            2.2818  (  23.76%)
sequential         0.0000        1.2187e-02        1.1548e+06            1.1670  (  12.15%)
combinational      0.0000            1.7396        4.4168e+06            6.1564  (  64.09%)
--------------------------------------------------------------------------------------------------
Total              0.0000 uW         2.4489 uW     7.1563e+06 pW         9.6052 uW
1
