 
****************************************
Report : timing
        -path full
        -delay max
        -max_paths 1
Design : TRAFFIC_lights
Version: H-2013.03-ICC-SP2
Date   : Sat Mar 12 12:19:26 2016
****************************************

 * Some/all delay information is back-annotated.

Operating Conditions: ff0p85v25c   Library: saed32rvt_ff0p85v25c
	Parasitic source    : LPE
	Parasitic mode      : RealRC
	Extraction mode     : MIN_MAX
	Extraction derating : 25/25/25

Information: Percent of Arnoldi-based delays =  6.91%

  Startpoint: state_reg_2_
              (rising edge-triggered flip-flop clocked by clk)
  Endpoint: cnt_reg_2_ (rising edge-triggered flip-flop clocked by clk)
  Path Group: clk
  Path Type: max

  Point                                    Incr       Path
  -----------------------------------------------------------
  clock clk (rise edge)                    0.00       0.00
  clock network delay (ideal)              0.00       0.00
  state_reg_2_/CLK (DFFSSRX1_RVT)          0.00       0.00 r
  state_reg_2_/Q (DFFSSRX1_RVT)            0.10       0.10 r
  U165/Y (NAND3X0_RVT)                     0.08 &     0.18 f
  U149/Y (INVX1_RVT)                       0.05 &     0.23 r
  U177/Y (AO21X1_RVT)                      0.04 &     0.28 r
  U179/Y (AO222X1_RVT)                     0.07 &     0.35 r
  U180/Y (NAND2X0_RVT)                     0.04 &     0.38 f
  U156/Y (INVX1_RVT)                       0.03 &     0.41 r
  U184/Y (NAND2X0_RVT)                     0.02 &     0.43 f
  U185/Y (NAND2X0_RVT)                     0.04 &     0.46 r
  U187/Y (AO222X1_RVT)                     0.06 &     0.53 r
  cnt_reg_2_/D (DFFX1_RVT)                 0.00 &     0.53 r
  data arrival time                                   0.53

  clock clk (rise edge)                    2.00       2.00
  clock network delay (ideal)              0.00       2.00
  clock uncertainty                       -0.40       1.60
  cnt_reg_2_/CLK (DFFX1_RVT)               0.00       1.60 r
  library setup time                      -0.03       1.57
  data required time                                  1.57
  -----------------------------------------------------------
  data required time                                  1.57
  data arrival time                                  -0.53
  -----------------------------------------------------------
  slack (MET)                                         1.04


1
